<?xml version="1.0" encoding="UTF-8"?>
<testng-results ignored="0" total="1" passed="1" failed="0" skipped="0">
  <reporter-output>
    <line>
      <![CDATA[>>>>>>>>>>>Hi from jenkins1*************<<<<<<<<<<<<<]]>
    </line>
    <line>
      <![CDATA[>>>>>>>>>>>Hi from jenkins2*************<<<<<<<<<<<<<]]>
    </line>
  </reporter-output>
  <suite started-at="2026-05-22T16:17:44 IST" name="Default suite" finished-at="2026-05-22T16:17:44 IST" duration-ms="135">
    <groups>
    </groups>
    <test started-at="2026-05-22T16:17:44 IST" name="Default test" finished-at="2026-05-22T16:17:44 IST" duration-ms="135">
      <class name="demoJenkins.DemoJenkinsTest">
        <test-method signature="test()[pri:0, instance:demoJenkins.DemoJenkinsTest@2d7275fc]" started-at="2026-05-22T16:17:44 IST" name="test" finished-at="2026-05-22T16:17:44 IST" duration-ms="34" status="PASS">
          <reporter-output>
            <line>
              <![CDATA[>>>>>>>>>>>Hi from jenkins1*************<<<<<<<<<<<<<]]>
            </line>
            <line>
              <![CDATA[>>>>>>>>>>>Hi from jenkins2*************<<<<<<<<<<<<<]]>
            </line>
          </reporter-output>
        </test-method> <!-- test -->
      </class> <!-- demoJenkins.DemoJenkinsTest -->
    </test> <!-- Default test -->
  </suite> <!-- Default suite -->
</testng-results>
