<?xml version="1.0" encoding="UTF-8"?>
<testng-results ignored="0" total="1" passed="1" failed="0" skipped="0">
  <reporter-output>
    <line>
      <![CDATA[>>>>>>>>>>>Hi from jenkins1*************<<<<<<<<<<<<<]]>
    </line>
    <line>
      <![CDATA[>>>>>>>>>>>Hi from jenkins2*************<<<<<<<<<<<<<]]>
    </line>
    <line>
      <![CDATA[>>>>>>>>>>>Hi from jenkins3*************<<<<<<<<<<<<<]]>
    </line>
    <line>
      <![CDATA[>>>>>>>>>>>Hi from jenkins4*************<<<<<<<<<<<<<]]>
    </line>
  </reporter-output>
  <suite started-at="2026-06-20T15:22:05 IST" name="Default suite" finished-at="2026-06-20T15:22:05 IST" duration-ms="114">
    <groups>
    </groups>
    <test started-at="2026-06-20T15:22:05 IST" name="Default test" finished-at="2026-06-20T15:22:05 IST" duration-ms="114">
      <class name="demoJenkins.DemoJenkinsTest">
        <test-method signature="test()[pri:0, instance:demoJenkins.DemoJenkinsTest@79e2c065]" started-at="2026-06-20T15:22:05 IST" name="test" finished-at="2026-06-20T15:22:05 IST" duration-ms="29" status="PASS">
          <reporter-output>
            <line>
              <![CDATA[>>>>>>>>>>>Hi from jenkins1*************<<<<<<<<<<<<<]]>
            </line>
            <line>
              <![CDATA[>>>>>>>>>>>Hi from jenkins2*************<<<<<<<<<<<<<]]>
            </line>
            <line>
              <![CDATA[>>>>>>>>>>>Hi from jenkins3*************<<<<<<<<<<<<<]]>
            </line>
            <line>
              <![CDATA[>>>>>>>>>>>Hi from jenkins4*************<<<<<<<<<<<<<]]>
            </line>
          </reporter-output>
        </test-method> <!-- test -->
      </class> <!-- demoJenkins.DemoJenkinsTest -->
    </test> <!-- Default test -->
  </suite> <!-- Default suite -->
</testng-results>
