<?xml version="1.0" encoding="UTF-8"?>
<!-- Generated by org.testng.reporters.JUnitReportReporter -->
<testsuite hostname="Naresh" failures="0" tests="1" name="demoJenkins.DemoJenkinsTest" time="0.034" errors="0" timestamp="2026-05-22T16:17:44 IST" skipped="0">
  <testcase classname="demoJenkins.DemoJenkinsTest" name="test" time="0.034">
    <system-out>
      <![CDATA[>>>>>>>>>>>Hi from jenkins1*************<<<<<<<<<<<<<
>>>>>>>>>>>Hi from jenkins2*************<<<<<<<<<<<<<]]>
    </system-out>
  </testcase> <!-- test -->
  <system-out>
    <![CDATA[>>>>>>>>>>>Hi from jenkins1*************<<<<<<<<<<<<<
>>>>>>>>>>>Hi from jenkins2*************<<<<<<<<<<<<<]]>
  </system-out>
</testsuite> <!-- demoJenkins.DemoJenkinsTest -->
